<?xml version="1.0" encoding="UTF-8"?>
<testsuite name="bullethell.utils.PlayerMovementTests" tests="1" skipped="0" failures="0" errors="0" timestamp="2025-02-04T06:26:04" hostname="WIN-8NNUUTUB8CA" time="0.066">
  <properties/>
  <testcase name="setting()" classname="bullethell.utils.PlayerMovementTests" time="0.066"/>
  <system-out><![CDATA[]]></system-out>
  <system-err><![CDATA[февр. 04, 2025 2:26:04 PM bullethell.log.DefaultLoggerProvider log
INFO: LEFT RIGHT 
]]></system-err>
</testsuite>
